timestamp: 2016-06-14T10:55:59.847000
CREATE TABLE auth_user(
    id INTEGER PRIMARY KEY AUTOINCREMENT,
    first_name CHAR(128),
    last_name CHAR(128),
    email CHAR(512),
    password CHAR(512),
    registration_key CHAR(512),
    reset_password_key CHAR(512),
    registration_id CHAR(512)
);
success!
timestamp: 2016-06-14T10:56:00.171000
CREATE TABLE auth_group(
    id INTEGER PRIMARY KEY AUTOINCREMENT,
    role CHAR(512),
    description TEXT
);
success!
timestamp: 2016-06-14T10:56:00.439000
CREATE TABLE auth_membership(
    id INTEGER PRIMARY KEY AUTOINCREMENT,
    user_id INTEGER REFERENCES auth_user (id) ON DELETE CASCADE  ,
    group_id INTEGER REFERENCES auth_group (id) ON DELETE CASCADE  
);
success!
timestamp: 2016-06-14T10:56:02.475000
CREATE TABLE auth_permission(
    id INTEGER PRIMARY KEY AUTOINCREMENT,
    group_id INTEGER REFERENCES auth_group (id) ON DELETE CASCADE  ,
    name CHAR(512),
    table_name CHAR(512),
    record_id INTEGER
);
success!
timestamp: 2016-06-14T10:56:02.882000
CREATE TABLE auth_event(
    id INTEGER PRIMARY KEY AUTOINCREMENT,
    time_stamp TIMESTAMP,
    client_ip CHAR(512),
    user_id INTEGER REFERENCES auth_user (id) ON DELETE CASCADE  ,
    origin CHAR(512),
    description TEXT
);
success!
timestamp: 2016-06-14T10:56:03.255000
CREATE TABLE auth_cas(
    id INTEGER PRIMARY KEY AUTOINCREMENT,
    user_id INTEGER REFERENCES auth_user (id) ON DELETE CASCADE  ,
    created_on TIMESTAMP,
    service CHAR(512),
    ticket CHAR(512),
    renew CHAR(1)
);
success!
timestamp: 2016-06-14T12:19:36.691000
CREATE TABLE biblioteca(
    id INTEGER PRIMARY KEY AUTOINCREMENT,
    folio CHAR(512),
    unidades INTEGER,
    editorial CHAR(512),
    autor CHAR(512),
    descripcion TEXT,
    genero CHAR(512),
    status CHAR(1),
    docente CHAR(512),
    fecha_entrada DATE,
    fecha_salida DATE,
    imgportada CHAR(512)
);
success!
timestamp: 2016-06-14T12:35:59.700000
ALTER TABLE biblioteca ADD titulo CHAR(512);
success!
success!
success!
success!
success!
success!
success!
success!
success!
success!
success!
success!
success!
success!
success!
success!
success!
success!
success!
success!
success!
success!
success!
success!
success!
success!
success!
success!
success!
success!
success!
success!
success!
success!
success!
success!
success!
success!
success!
success!
success!
success!
success!
success!
success!
success!
success!
success!
success!
success!
success!
success!
success!
success!
success!
success!
success!
success!
success!
success!
success!
success!
success!
success!
success!
success!
success!
success!
success!
success!
success!
success!
success!
success!
success!
success!
success!
success!
success!
success!
success!
success!
success!
success!
success!
success!
success!
success!
success!
success!
success!
success!
success!
success!
success!
success!
success!
success!
success!
success!
success!
success!
success!
success!
success!
success!
success!
success!
success!
success!
success!
success!
success!
success!
success!
success!
success!
success!
success!
success!
success!
success!
success!
success!
success!
success!
success!
success!
success!
success!
success!
success!
success!
success!
success!
success!
success!
success!
success!
success!
success!
success!
success!
success!
success!
success!
success!
success!
success!
success!
success!
success!
success!
success!
success!
success!
success!
success!
success!
success!
success!
success!
success!
success!
success!
success!
success!
success!
success!
success!
success!
success!
success!
success!
success!
success!
success!
success!
success!
success!
success!
success!
success!
success!
success!
success!
success!
success!
success!
success!
success!
success!
success!
success!
success!
success!
success!
success!
success!
success!
success!
success!
success!
success!
success!
success!
success!
success!
success!
success!
success!
success!
success!
success!
success!
success!
success!
success!
success!
success!
success!
success!
success!
success!
success!
success!
success!
success!
success!
success!
success!
success!
success!
success!
success!
success!
success!
success!
success!
success!
success!
success!
success!
success!
success!
success!
success!
success!
success!
success!
success!
success!
success!
success!
success!
success!
success!
success!
success!
success!
success!
success!
success!
success!
success!
success!
success!
success!
success!
success!
success!
success!
success!
success!
success!
success!
success!
success!
success!
success!
success!
success!
success!
success!
success!
success!
success!
