[2016-06-14 10:55:28] START
[2016-06-14 11:00:30] EDIT biblioteca/models/db.py: 7
[2016-06-14 12:11:21] EDIT biblioteca/models/db.py: 5
[2016-06-14 12:16:30] EDIT biblioteca/models/db.py: 1
[2016-06-14 12:17:35] EDIT biblioteca/models/db.py: 1
[2016-06-14 12:17:48] EDIT biblioteca/models/db.py: 0
[2016-06-14 12:19:20] EDIT biblioteca/models/db.py: 0
[2016-06-14 12:35:47] EDIT biblioteca/models/db.py: 1
[2016-06-14 12:49:58] EDIT biblioteca/controllers/default.py: 3
[2016-06-14 12:52:00] EDIT biblioteca/views/default/index.html: 2
[2016-06-14 12:52:21] EDIT biblioteca/views/default/index.html: 0
[2016-06-14 12:57:49] EDIT biblioteca/controllers/default.py: -2
[2016-06-14 12:58:58] EDIT biblioteca/controllers/default.py: 0
[2016-06-14 12:59:14] EDIT biblioteca/controllers/default.py: 0
[2016-06-14 13:00:32] EDIT biblioteca/controllers/default.py: 0
[2016-06-14 13:01:29] EDIT biblioteca/views/default/index.html: 0
[2016-06-14 13:03:05] EDIT biblioteca/controllers/default.py: -6
[2016-06-14 13:03:13] EDIT biblioteca/controllers/default.py: -1
[2016-06-14 13:03:33] EDIT biblioteca/views/default/index.html: 0
[2016-06-14 13:04:14] EDIT biblioteca/controllers/default.py: 0
[2016-06-15 08:27:49] EDIT biblioteca/controllers/default.py: 3
[2016-06-15 08:29:28] CREATE default/agregar.html: 0
[2016-06-15 08:29:49] CREATE default/mostrar.html: 0
[2016-06-15 08:30:28] EDIT biblioteca/views/default/index.html: -2
[2016-06-15 08:31:16] EDIT biblioteca/views/default/mostrar.html: 0
[2016-06-15 08:33:10] EDIT biblioteca/views/default/agregar.html: 0
[2016-06-15 08:33:25] EDIT biblioteca/views/default/agregar.html: 0
[2016-06-15 08:37:21] EDIT biblioteca/controllers/default.py: 0
[2016-06-15 08:37:49] EDIT biblioteca/views/default/agregar.html: 0
[2016-06-15 08:39:15] EDIT biblioteca/controllers/default.py: 0
[2016-06-15 08:40:48] EDIT biblioteca/views/default/agregar.html: 0
[2016-06-15 08:44:32] EDIT biblioteca/models/db.py: -2
[2016-06-15 09:19:20] EDIT biblioteca/models/db.py: 2
[2016-06-15 09:19:34] EDIT biblioteca/models/db.py: 0
[2016-06-15 09:40:29] EDIT biblioteca/views/default/agregar.html: 4
[2016-06-15 09:41:00] EDIT biblioteca/views/default/agregar.html: 0
[2016-06-15 09:50:16] EDIT biblioteca/views/default/agregar.html: 0
[2016-06-15 09:50:57] EDIT biblioteca/views/default/agregar.html: 0
[2016-06-15 09:51:16] EDIT biblioteca/views/default/agregar.html: 0
[2016-06-15 09:52:45] EDIT biblioteca/views/default/agregar.html: 0
[2016-06-15 09:56:00] EDIT biblioteca/views/default/agregar.html: 0
[2016-06-15 09:56:43] EDIT biblioteca/views/default/agregar.html: 0
[2016-06-15 09:57:44] EDIT biblioteca/views/default/agregar.html: 0
[2016-06-15 09:59:04] EDIT biblioteca/views/default/agregar.html: 1
[2016-06-15 10:00:15] EDIT biblioteca/views/default/agregar.html: 0
[2016-06-15 10:01:16] EDIT biblioteca/views/default/agregar.html: 0
[2016-06-15 10:02:55] EDIT biblioteca/views/default/agregar.html: 0
[2016-06-15 10:13:08] EDIT biblioteca/views/default/agregar.html: 0
[2016-06-15 10:13:55] EDIT biblioteca/views/default/agregar.html: 0
[2016-06-15 10:15:19] EDIT biblioteca/views/default/agregar.html: 0
[2016-06-15 10:15:50] EDIT biblioteca/views/default/agregar.html: 0
[2016-06-15 10:17:03] EDIT biblioteca/views/default/agregar.html: 0
[2016-06-15 10:18:31] EDIT biblioteca/views/default/agregar.html: 0
[2016-06-15 10:19:13] EDIT biblioteca/views/default/agregar.html: 0
[2016-06-15 10:19:21] EDIT biblioteca/views/default/agregar.html: 0
[2016-06-15 10:20:29] EDIT biblioteca/views/default/agregar.html: 0
[2016-06-15 10:21:36] EDIT biblioteca/views/default/agregar.html: 0
[2016-06-15 10:22:47] EDIT biblioteca/views/default/agregar.html: 0
[2016-06-15 10:24:21] EDIT biblioteca/views/default/agregar.html: -1
[2016-06-15 10:48:38] EDIT biblioteca/controllers/default.py: 1
[2016-06-15 10:49:28] EDIT biblioteca/controllers/default.py: 0
[2016-06-15 10:50:18] EDIT biblioteca/controllers/default.py: 1
[2016-06-15 10:50:52] EDIT biblioteca/controllers/default.py: 0
[2016-06-15 10:52:52] EDIT biblioteca/views/default/index.html: 1
[2016-06-15 10:55:52] EDIT biblioteca/views/default/index.html: 1
[2016-06-15 10:56:18] EDIT biblioteca/views/default/index.html: 0
[2016-06-15 10:56:43] EDIT biblioteca/views/default/index.html: 0
[2016-06-15 10:58:14] EDIT biblioteca/views/default/index.html: 0
[2016-06-15 10:58:47] EDIT biblioteca/views/default/index.html: 0
[2016-06-15 10:59:51] EDIT biblioteca/views/default/index.html: 0
[2016-06-15 11:14:09] EDIT biblioteca/views/default/index.html: 0
[2016-06-15 11:14:57] EDIT biblioteca/views/default/index.html: -48
[2016-06-15 11:15:27] EDIT biblioteca/views/default/index.html: -1
[2016-06-15 11:15:56] EDIT biblioteca/views/default/index.html: 1
[2016-06-15 11:16:12] EDIT biblioteca/views/default/index.html: 0
[2016-06-15 11:16:36] EDIT biblioteca/views/default/index.html: 0
[2016-06-15 11:17:05] EDIT biblioteca/views/default/index.html: 0
[2016-06-15 11:17:15] EDIT biblioteca/views/default/index.html: 0
[2016-06-15 11:17:32] EDIT biblioteca/views/default/index.html: 0
[2016-06-15 11:17:47] EDIT biblioteca/views/default/index.html: 0
[2016-06-15 11:18:32] EDIT biblioteca/views/default/index.html: 0
[2016-06-15 11:23:34] EDIT biblioteca/views/default/index.html: 0
[2016-06-15 11:26:05] EDIT biblioteca/views/default/index.html: 0
[2016-06-15 11:26:33] EDIT biblioteca/views/default/index.html: 0
[2016-06-15 11:28:37] EDIT biblioteca/views/default/index.html: 0
[2016-06-15 11:31:52] EDIT biblioteca/views/default/index.html: 0
[2016-06-15 11:32:08] EDIT biblioteca/views/default/index.html: 0
[2016-06-15 11:34:19] EDIT biblioteca/views/default/index.html: 0
[2016-06-15 11:34:42] EDIT biblioteca/views/default/index.html: 0
[2016-06-15 11:35:30] EDIT biblioteca/views/default/index.html: 0
[2016-06-15 11:35:52] EDIT biblioteca/views/default/index.html: 0
[2016-06-15 11:37:35] EDIT biblioteca/views/default/index.html: 1
[2016-06-15 11:37:54] EDIT biblioteca/views/default/index.html: 0
[2016-06-15 11:38:41] EDIT biblioteca/views/default/index.html: 0
[2016-06-15 11:39:10] EDIT biblioteca/views/default/index.html: 0
[2016-06-15 11:39:51] EDIT biblioteca/views/default/index.html: 0
[2016-06-15 11:42:13] EDIT biblioteca/views/default/index.html: 0
[2016-06-15 11:42:58] EDIT biblioteca/views/default/index.html: 0
[2016-06-15 11:45:19] EDIT biblioteca/views/default/index.html: 0
[2016-06-15 11:46:14] EDIT biblioteca/views/default/index.html: 0
[2016-06-15 11:47:19] EDIT biblioteca/views/default/index.html: 1
[2016-06-15 11:48:54] EDIT biblioteca/views/default/index.html: 0
[2016-06-15 11:49:23] EDIT biblioteca/views/default/index.html: 0
[2016-06-15 11:49:54] EDIT biblioteca/views/default/index.html: 0
[2016-06-15 11:50:07] EDIT biblioteca/views/default/index.html: 0
[2016-06-15 11:50:36] EDIT biblioteca/views/default/index.html: 0
[2016-06-15 11:52:57] EDIT biblioteca/views/default/index.html: 0
[2016-06-15 11:53:22] EDIT biblioteca/views/default/index.html: 0
[2016-06-15 11:53:39] EDIT biblioteca/views/default/index.html: 0
[2016-06-15 11:56:03] EDIT biblioteca/views/default/index.html: 0
[2016-06-15 11:56:49] EDIT biblioteca/views/default/index.html: 0
[2016-06-15 11:57:42] EDIT biblioteca/views/default/index.html: 0
[2016-06-15 11:58:23] EDIT biblioteca/views/default/index.html: 0
[2016-06-15 11:58:53] EDIT biblioteca/views/default/index.html: 0
[2016-06-15 11:59:14] EDIT biblioteca/views/default/index.html: 0
[2016-06-15 11:59:30] EDIT biblioteca/views/default/index.html: 0
[2016-06-15 12:00:27] EDIT biblioteca/views/default/index.html: 0
[2016-06-15 12:01:02] EDIT biblioteca/views/default/index.html: 0
[2016-06-15 12:01:19] EDIT biblioteca/views/default/index.html: 0
[2016-06-15 12:02:09] EDIT biblioteca/views/default/index.html: 0
[2016-06-15 12:05:30] EDIT biblioteca/views/default/index.html: 4
[2016-06-15 12:06:04] EDIT biblioteca/views/default/index.html: 0
[2016-06-15 12:06:33] EDIT biblioteca/views/default/index.html: -1
[2016-06-15 12:07:02] EDIT biblioteca/views/default/index.html: 0
[2016-06-15 12:08:08] EDIT biblioteca/views/default/index.html: -3
[2016-06-15 12:09:54] EDIT biblioteca/views/default/index.html: 0
[2016-06-15 12:10:16] EDIT biblioteca/views/default/index.html: 0
[2016-06-15 12:13:31] EDIT biblioteca/views/default/index.html: 0
[2016-06-15 12:14:07] EDIT biblioteca/views/default/index.html: 0
[2016-06-15 12:14:18] EDIT biblioteca/views/default/index.html: 0
[2016-06-15 12:15:03] EDIT biblioteca/views/default/index.html: 0
[2016-06-15 12:15:59] EDIT biblioteca/views/default/index.html: 0
[2016-06-15 12:16:12] EDIT biblioteca/views/default/index.html: 0
[2016-06-15 12:16:40] EDIT biblioteca/views/default/index.html: 0
[2016-06-15 12:17:08] EDIT biblioteca/views/default/index.html: 0
[2016-06-15 12:18:00] EDIT biblioteca/views/default/index.html: 0
[2016-06-15 12:18:20] EDIT biblioteca/views/default/index.html: 0
[2016-06-15 12:20:08] EDIT biblioteca/views/default/index.html: 0
[2016-06-15 12:20:18] EDIT biblioteca/views/default/index.html: 0
[2016-06-15 12:20:27] EDIT biblioteca/views/default/index.html: 0
[2016-06-15 12:21:00] EDIT biblioteca/views/default/index.html: 0
[2016-06-15 12:21:56] EDIT biblioteca/views/default/index.html: 0
[2016-06-15 12:23:41] EDIT biblioteca/views/default/index.html: 0
[2016-06-15 12:25:05] EDIT biblioteca/views/default/index.html: 0
[2016-06-15 12:25:37] EDIT biblioteca/views/default/index.html: 0
[2016-06-15 12:26:11] EDIT biblioteca/views/default/index.html: 0
[2016-06-15 12:26:42] EDIT biblioteca/views/default/index.html: 0
[2016-06-15 12:27:58] EDIT biblioteca/views/default/index.html: 3
[2016-06-15 12:28:41] EDIT biblioteca/views/default/index.html: 0
[2016-06-15 12:29:29] EDIT biblioteca/views/default/index.html: 0
[2016-06-15 12:29:42] EDIT biblioteca/views/default/index.html: 0
[2016-06-15 12:31:38] EDIT biblioteca/views/default/index.html: 0
[2016-06-15 12:32:28] EDIT biblioteca/views/default/index.html: 0
[2016-06-15 12:34:18] EDIT biblioteca/views/default/index.html: 0
[2016-06-15 12:34:38] EDIT biblioteca/views/default/index.html: 0
[2016-06-15 12:34:45] EDIT biblioteca/views/default/index.html: 0
[2016-06-15 12:35:16] EDIT biblioteca/views/default/index.html: 0
[2016-06-15 12:35:25] EDIT biblioteca/views/default/index.html: 0
[2016-06-15 12:36:05] EDIT biblioteca/views/default/index.html: 0
[2016-06-15 12:36:30] EDIT biblioteca/views/default/index.html: 0
[2016-06-15 12:36:53] EDIT biblioteca/views/default/index.html: 0
[2016-06-15 12:37:46] EDIT biblioteca/views/default/index.html: 0
[2016-06-15 12:38:38] EDIT biblioteca/views/default/index.html: 0
[2016-06-15 12:39:04] EDIT biblioteca/views/default/index.html: 0
[2016-06-15 12:39:20] EDIT biblioteca/views/default/index.html: 0
[2016-06-15 12:39:58] EDIT biblioteca/views/default/index.html: 0
[2016-06-15 12:40:32] EDIT biblioteca/views/default/index.html: 0
[2016-06-15 12:41:18] EDIT biblioteca/views/default/index.html: 0
[2016-06-15 12:41:47] EDIT biblioteca/views/default/index.html: 1
[2016-06-15 12:42:25] EDIT biblioteca/views/default/index.html: 0
[2016-06-15 12:43:02] EDIT biblioteca/views/default/index.html: 0
[2016-06-15 12:43:44] EDIT biblioteca/views/default/index.html: 0
[2016-06-15 12:44:40] EDIT biblioteca/views/default/index.html: 0
[2016-06-15 12:45:31] EDIT biblioteca/views/default/index.html: 0
[2016-06-15 12:46:02] EDIT biblioteca/views/default/index.html: 0
[2016-06-15 12:46:28] EDIT biblioteca/views/default/index.html: 0
[2016-06-15 12:47:25] EDIT biblioteca/views/default/index.html: 0
[2016-06-15 12:47:50] EDIT biblioteca/views/default/index.html: 0
[2016-06-15 12:49:34] EDIT biblioteca/views/default/index.html: 0
[2016-06-15 12:50:03] EDIT biblioteca/views/default/index.html: 0
[2016-06-15 12:50:30] EDIT biblioteca/views/default/index.html: 0
[2016-06-15 12:50:50] EDIT biblioteca/views/default/index.html: 0
[2016-06-15 12:51:09] EDIT biblioteca/views/default/index.html: 0
[2016-06-15 12:51:38] EDIT biblioteca/views/default/index.html: 0
[2016-06-15 12:52:39] EDIT biblioteca/views/default/index.html: 0
[2016-06-15 12:52:58] EDIT biblioteca/views/default/index.html: 0
[2016-06-15 12:53:11] EDIT biblioteca/views/default/index.html: 0
[2016-06-15 12:53:45] EDIT biblioteca/views/default/index.html: 0
[2016-06-15 12:53:52] EDIT biblioteca/views/default/index.html: 0
[2016-06-15 12:54:36] EDIT biblioteca/views/default/index.html: 0
[2016-06-15 12:55:31] EDIT biblioteca/views/default/index.html: 0
[2016-06-15 12:55:43] EDIT biblioteca/views/default/index.html: 0
[2016-06-15 12:56:11] EDIT biblioteca/views/default/index.html: 0
[2016-06-15 12:56:40] EDIT biblioteca/views/default/index.html: 0
[2016-06-15 12:56:51] EDIT biblioteca/views/default/index.html: 0
[2016-06-15 12:57:08] EDIT biblioteca/views/default/index.html: 0
[2016-06-15 12:57:25] EDIT biblioteca/views/default/index.html: 0
[2016-06-15 12:58:18] EDIT biblioteca/views/default/index.html: 0
[2016-06-15 12:59:18] EDIT biblioteca/views/default/index.html: 0
[2016-06-15 12:59:39] EDIT biblioteca/views/default/index.html: 0
[2016-06-15 12:59:57] EDIT biblioteca/views/default/index.html: 0
[2016-06-15 13:00:58] EDIT biblioteca/views/default/index.html: 0
[2016-06-15 13:01:31] EDIT biblioteca/views/default/index.html: 0
[2016-06-15 13:01:52] EDIT biblioteca/views/default/index.html: 0
[2016-06-15 13:02:33] EDIT biblioteca/views/default/index.html: 0
[2016-06-15 13:02:55] EDIT biblioteca/views/default/index.html: 0
[2016-06-15 13:03:41] EDIT biblioteca/views/default/index.html: 0
[2016-06-15 13:09:03] EDIT biblioteca/views/default/index.html: 0
[2016-06-15 13:09:11] EDIT biblioteca/views/default/index.html: 0
[2016-06-15 13:09:40] EDIT biblioteca/views/default/index.html: -4
[2016-06-15 13:10:10] EDIT biblioteca/views/default/index.html: 1
[2016-06-15 13:11:23] EDIT biblioteca/views/default/index.html: 0
[2016-06-15 13:11:52] EDIT biblioteca/views/default/index.html: 0
[2016-06-15 13:14:11] EDIT biblioteca/views/default/index.html: 0
[2016-06-15 13:21:05] EDIT biblioteca/views/default/index.html: 1
[2016-06-15 13:22:31] EDIT biblioteca/views/default/index.html: 0
[2016-06-15 13:23:56] EDIT biblioteca/views/default/index.html: 0
[2016-06-15 13:24:47] EDIT biblioteca/views/default/index.html: 0
[2016-06-15 13:25:49] EDIT biblioteca/views/default/index.html: 0
[2016-06-15 13:26:45] EDIT biblioteca/views/default/index.html: 0
[2016-06-15 13:28:14] EDIT biblioteca/views/default/index.html: 0
[2016-06-15 13:29:31] EDIT biblioteca/views/default/index.html: 0
[2016-06-15 13:30:19] EDIT biblioteca/views/default/index.html: 0
[2016-06-15 13:30:37] EDIT biblioteca/views/default/index.html: 0
[2016-06-15 13:31:00] EDIT biblioteca/views/default/index.html: 0
[2016-06-15 13:31:27] EDIT biblioteca/views/default/index.html: 0
[2016-06-15 13:32:06] EDIT biblioteca/views/default/index.html: 0
[2016-06-15 13:33:08] EDIT biblioteca/views/default/index.html: 4
[2016-06-15 13:33:36] EDIT biblioteca/views/default/index.html: 0
[2016-06-15 13:33:42] EDIT biblioteca/views/default/index.html: 0
[2016-06-15 13:35:46] EDIT biblioteca/views/default/index.html: 0
[2016-06-15 13:36:27] EDIT biblioteca/views/default/index.html: 0
[2016-06-15 13:36:47] EDIT biblioteca/views/default/index.html: 0
[2016-06-15 13:40:07] EDIT biblioteca/views/default/index.html: 0
[2016-06-15 13:40:33] EDIT biblioteca/views/default/index.html: 0
[2016-06-15 13:41:37] EDIT biblioteca/views/default/index.html: 0
[2016-06-15 13:44:12] EDIT biblioteca/views/default/index.html: 0
[2016-06-15 13:44:49] EDIT biblioteca/views/default/index.html: 0
[2016-06-15 13:46:13] EDIT biblioteca/views/default/index.html: 0
[2016-06-15 13:46:33] EDIT biblioteca/views/default/index.html: 0
[2016-06-15 13:47:05] EDIT biblioteca/views/default/index.html: 0
[2016-06-15 13:50:04] EDIT biblioteca/views/default/index.html: 0
[2016-06-15 13:50:51] EDIT biblioteca/views/default/index.html: 0
[2016-06-15 13:51:34] EDIT biblioteca/views/default/index.html: 0
[2016-06-15 13:52:16] EDIT biblioteca/views/default/index.html: 0
[2016-06-15 13:53:18] EDIT biblioteca/views/default/index.html: -2
[2016-06-15 13:53:35] EDIT biblioteca/views/default/index.html: 0
[2016-06-15 13:54:26] EDIT biblioteca/views/default/index.html: 1
[2016-06-15 13:54:58] EDIT biblioteca/views/default/index.html: 0
[2016-06-15 13:55:19] EDIT biblioteca/views/default/index.html: -1
[2016-06-15 13:56:33] EDIT biblioteca/views/default/index.html: 1
[2016-06-15 13:58:38] EDIT biblioteca/views/default/index.html: 1
[2016-06-15 13:59:13] EDIT biblioteca/views/default/index.html: 0
[2016-06-15 14:00:15] EDIT biblioteca/views/default/index.html: 0
[2016-06-15 14:00:39] EDIT biblioteca/views/default/index.html: 0
[2016-06-15 14:00:54] EDIT biblioteca/views/default/index.html: 0
[2016-06-15 14:01:12] EDIT biblioteca/views/default/index.html: 0
[2016-06-15 14:01:32] EDIT biblioteca/views/default/index.html: 0
[2016-06-15 14:01:39] EDIT biblioteca/views/default/index.html: 0
[2016-06-15 14:02:28] EDIT biblioteca/views/default/index.html: 0
[2016-06-15 14:02:59] EDIT biblioteca/views/default/index.html: 0
[2016-06-15 14:03:31] EDIT biblioteca/views/default/index.html: 0
[2016-06-16 09:32:45] EDIT biblioteca/controllers/default.py: 3
[2016-06-16 09:32:58] EDIT biblioteca/controllers/default.py: 0
[2016-06-16 09:33:59] EDIT biblioteca/controllers/default.py: 1
[2016-06-16 09:36:14] CREATE default/estadistica.html: 0
[2016-06-16 09:39:22] EDIT biblioteca/controllers/default.py: 0
[2016-06-16 09:40:44] EDIT biblioteca/controllers/default.py: 0
[2016-06-16 09:40:52] EDIT biblioteca/controllers/default.py: 0
[2016-06-16 09:41:43] EDIT biblioteca/controllers/default.py: 0
[2016-06-16 09:42:57] EDIT biblioteca/controllers/default.py: 0
[2016-06-16 09:44:21] EDIT biblioteca/controllers/default.py: 0
[2016-06-16 09:44:44] EDIT biblioteca/controllers/default.py: 0
[2016-06-16 09:47:17] EDIT biblioteca/controllers/default.py: 1
[2016-06-16 09:47:31] EDIT biblioteca/controllers/default.py: 0
[2016-06-16 09:48:32] EDIT biblioteca/controllers/default.py: 0
[2016-06-16 09:48:47] EDIT biblioteca/controllers/default.py: 0
[2016-06-16 09:48:59] EDIT biblioteca/controllers/default.py: 0
[2016-06-16 09:49:26] EDIT biblioteca/controllers/default.py: 0
[2016-06-16 09:49:51] EDIT biblioteca/controllers/default.py: 0
[2016-06-16 09:50:05] EDIT biblioteca/controllers/default.py: 0
[2016-06-16 09:50:59] EDIT biblioteca/controllers/default.py: 0
[2016-06-16 09:51:17] EDIT biblioteca/controllers/default.py: 0
[2016-06-16 09:52:05] EDIT biblioteca/controllers/default.py: 1
[2016-06-16 09:53:29] EDIT biblioteca/controllers/default.py: 0
[2016-06-16 09:53:53] EDIT biblioteca/controllers/default.py: 0
[2016-06-16 09:54:05] EDIT biblioteca/controllers/default.py: 0
[2016-06-16 09:54:24] EDIT biblioteca/controllers/default.py: 0
[2016-06-16 09:57:15] EDIT biblioteca/controllers/default.py: 0
[2016-06-16 09:57:44] EDIT biblioteca/controllers/default.py: 1
[2016-06-16 09:58:31] EDIT biblioteca/controllers/default.py: 0
[2016-06-16 09:59:36] EDIT biblioteca/controllers/default.py: 0
[2016-06-16 10:00:04] EDIT biblioteca/controllers/default.py: 0
[2016-06-16 10:00:14] EDIT biblioteca/controllers/default.py: 0
[2016-06-16 10:00:50] EDIT biblioteca/controllers/default.py: 0
[2016-06-16 10:01:26] EDIT biblioteca/controllers/default.py: 0
[2016-06-16 10:02:05] EDIT biblioteca/controllers/default.py: 0
[2016-06-16 10:05:00] EDIT biblioteca/controllers/default.py: 0
[2016-06-16 10:06:13] EDIT biblioteca/controllers/default.py: -1
[2016-06-16 10:07:02] EDIT biblioteca/views/default/estadistica.html: 0
[2016-06-16 10:07:16] EDIT biblioteca/controllers/default.py: 1
[2016-06-16 10:07:31] EDIT biblioteca/views/default/estadistica.html: 1
[2016-06-16 10:07:34] EDIT biblioteca/controllers/default.py: 0
[2016-06-16 10:09:00] EDIT biblioteca/controllers/default.py: 0
[2016-06-16 10:09:22] EDIT biblioteca/controllers/default.py: 0
[2016-06-16 10:09:36] EDIT biblioteca/controllers/default.py: 0
[2016-06-16 10:10:07] EDIT biblioteca/controllers/default.py: 0
[2016-06-16 10:11:58] EDIT biblioteca/controllers/default.py: -1
[2016-06-16 10:12:32] EDIT biblioteca/controllers/default.py: 0
[2016-06-16 10:13:00] EDIT biblioteca/controllers/default.py: 0
[2016-06-16 10:13:43] EDIT biblioteca/views/default/estadistica.html: -1
[2016-06-16 10:14:14] EDIT biblioteca/views/default/estadistica.html: 0
[2016-06-16 10:26:31] EDIT biblioteca/controllers/default.py: 0
[2016-06-16 10:28:23] EDIT biblioteca/controllers/default.py: 1
[2016-06-16 10:28:44] EDIT biblioteca/views/default/estadistica.html: 1
[2016-06-16 10:29:11] EDIT biblioteca/controllers/default.py: 1
[2016-06-16 10:29:44] EDIT biblioteca/views/default/estadistica.html: 0
[2016-06-16 10:30:20] EDIT biblioteca/controllers/default.py: 0
[2016-06-16 10:31:23] EDIT biblioteca/controllers/default.py: 0
[2016-06-16 10:31:37] EDIT biblioteca/controllers/default.py: 0
[2016-06-16 10:32:15] EDIT biblioteca/controllers/default.py: 0
[2016-06-16 10:32:36] EDIT biblioteca/views/default/estadistica.html: 1
[2016-06-16 10:32:42] EDIT biblioteca/views/default/estadistica.html: 0
[2016-06-16 10:33:06] EDIT biblioteca/views/default/estadistica.html: 0
[2016-06-16 10:33:53] EDIT biblioteca/controllers/default.py: 0
[2016-06-16 10:34:38] EDIT biblioteca/controllers/default.py: -1
[2016-06-16 10:34:51] EDIT biblioteca/controllers/default.py: 1
[2016-06-16 10:35:16] EDIT biblioteca/controllers/default.py: -1
[2016-06-16 10:35:31] EDIT biblioteca/controllers/default.py: 0
[2016-06-16 10:40:50] EDIT biblioteca/controllers/default.py: 2
[2016-06-16 10:41:14] EDIT biblioteca/views/default/estadistica.html: 0
[2016-06-16 10:41:34] EDIT biblioteca/controllers/default.py: -1
[2016-06-16 10:41:49] EDIT biblioteca/controllers/default.py: 0
[2016-06-16 10:42:13] EDIT biblioteca/controllers/default.py: 0
[2016-06-16 10:42:40] EDIT biblioteca/controllers/default.py: 0
[2016-06-16 10:43:40] EDIT biblioteca/controllers/default.py: 0
[2016-06-16 10:44:04] EDIT biblioteca/controllers/default.py: 0
[2016-06-16 10:45:17] EDIT biblioteca/controllers/default.py: 0
[2016-06-16 10:45:49] EDIT biblioteca/controllers/default.py: 0
[2016-06-16 10:46:29] EDIT biblioteca/controllers/default.py: 0
[2016-06-16 10:47:07] EDIT biblioteca/controllers/default.py: 0
[2016-06-16 10:51:19] EDIT biblioteca/controllers/default.py: 0
[2016-06-16 10:52:04] EDIT biblioteca/controllers/default.py: 1
[2016-06-16 10:53:07] EDIT biblioteca/controllers/default.py: 0
[2016-06-16 10:53:18] EDIT biblioteca/controllers/default.py: 0
[2016-06-16 10:53:51] EDIT biblioteca/controllers/default.py: 0
[2016-06-16 10:54:13] EDIT biblioteca/controllers/default.py: 0
[2016-06-16 10:54:31] EDIT biblioteca/controllers/default.py: 0
[2016-06-16 10:54:40] EDIT biblioteca/controllers/default.py: 0
[2016-06-16 10:55:07] EDIT biblioteca/controllers/default.py: 0
[2016-06-16 10:55:56] EDIT biblioteca/controllers/default.py: 0
[2016-06-16 10:57:32] EDIT biblioteca/controllers/default.py: 0
[2016-06-16 10:58:18] EDIT biblioteca/controllers/default.py: 0
[2016-06-16 10:59:09] EDIT biblioteca/controllers/default.py: 0
[2016-06-16 10:59:52] EDIT biblioteca/controllers/default.py: 0
[2016-06-16 11:00:06] EDIT biblioteca/controllers/default.py: 0
[2016-06-16 11:00:43] EDIT biblioteca/controllers/default.py: 0
[2016-06-16 11:01:19] EDIT biblioteca/controllers/default.py: 0
[2016-06-16 11:01:42] EDIT biblioteca/controllers/default.py: 0
[2016-06-16 11:11:23] EDIT biblioteca/controllers/default.py: 0
[2016-06-16 11:12:00] EDIT biblioteca/views/default/estadistica.html: -1
[2016-06-16 11:12:15] EDIT biblioteca/views/default/estadistica.html: 0
[2016-06-16 11:12:19] EDIT biblioteca/controllers/default.py: 0
[2016-06-16 11:12:51] EDIT biblioteca/controllers/default.py: 0
[2016-06-16 11:13:29] EDIT biblioteca/views/default/estadistica.html: 1
[2016-06-16 11:30:08] EDIT biblioteca/controllers/default.py: 0
[2016-06-16 11:30:37] EDIT biblioteca/controllers/default.py: 0
[2016-06-16 11:30:43] EDIT biblioteca/controllers/default.py: 0
[2016-06-16 11:31:36] EDIT biblioteca/controllers/default.py: 1
[2016-06-16 11:32:12] EDIT biblioteca/controllers/default.py: 0
[2016-06-16 11:32:27] EDIT biblioteca/controllers/default.py: 0
[2016-06-16 11:36:31] EDIT biblioteca/controllers/default.py: 0
[2016-06-16 11:41:38] EDIT biblioteca/views/default/estadistica.html: 0
[2016-06-16 11:42:21] EDIT biblioteca/controllers/default.py: -1
[2016-06-16 11:42:42] EDIT biblioteca/controllers/default.py: 0
[2016-06-16 11:44:07] EDIT biblioteca/views/default/estadistica.html: 0
[2016-06-16 11:44:27] EDIT biblioteca/views/default/estadistica.html: 0
[2016-06-16 11:44:50] EDIT biblioteca/views/default/estadistica.html: 0
[2016-06-16 11:45:19] EDIT biblioteca/views/default/estadistica.html: 0
[2016-06-16 11:45:38] EDIT biblioteca/views/default/estadistica.html: 0
[2016-06-16 11:45:56] EDIT biblioteca/views/default/estadistica.html: 0
[2016-06-16 11:46:35] EDIT biblioteca/views/default/estadistica.html: -1
[2016-06-16 11:47:47] EDIT biblioteca/controllers/default.py: 0
[2016-06-16 11:52:53] EDIT biblioteca/views/default/estadistica.html: 0
[2016-06-16 11:53:26] EDIT biblioteca/controllers/default.py: 0
[2016-06-16 11:53:45] EDIT biblioteca/views/default/estadistica.html: 0
[2016-06-16 11:54:28] EDIT biblioteca/controllers/default.py: 0
[2016-06-16 11:55:48] EDIT biblioteca/controllers/default.py: 0
[2016-06-16 11:56:16] EDIT biblioteca/controllers/default.py: 0
[2016-06-16 11:56:34] EDIT biblioteca/controllers/default.py: 0
[2016-06-16 11:56:45] EDIT biblioteca/controllers/default.py: 0
[2016-06-16 12:03:29] EDIT biblioteca/controllers/default.py: 2
[2016-06-16 12:04:01] EDIT biblioteca/controllers/default.py: 0
[2016-06-16 12:04:43] EDIT biblioteca/controllers/default.py: 0
[2016-06-16 12:06:51] EDIT biblioteca/controllers/default.py: 0
[2016-06-16 12:06:55] EDIT biblioteca/controllers/default.py: 0
[2016-06-16 12:08:38] EDIT biblioteca/controllers/default.py: 0
[2016-06-16 12:12:42] EDIT biblioteca/controllers/default.py: 0
[2016-06-16 12:14:55] EDIT biblioteca/controllers/default.py: 0
[2016-06-16 12:25:26] EDIT biblioteca/controllers/default.py: 2
[2016-06-16 12:25:57] EDIT biblioteca/controllers/default.py: 0
[2016-06-16 12:26:10] EDIT biblioteca/controllers/default.py: 1
[2016-06-16 12:26:37] EDIT biblioteca/controllers/default.py: -5
[2016-06-16 12:27:12] EDIT biblioteca/controllers/default.py: 5
[2016-06-16 12:27:20] EDIT biblioteca/controllers/default.py: -5
[2016-06-16 12:28:22] EDIT biblioteca/controllers/default.py: 2
[2016-06-16 12:29:16] EDIT biblioteca/controllers/default.py: 0
[2016-06-16 12:29:42] EDIT biblioteca/controllers/default.py: 0
[2016-06-16 12:30:29] EDIT biblioteca/controllers/default.py: 0
[2016-06-16 12:35:16] EDIT biblioteca/controllers/default.py: 1
[2016-06-16 12:35:33] EDIT biblioteca/controllers/default.py: 0
[2016-06-16 12:35:55] EDIT biblioteca/controllers/default.py: 0
[2016-06-16 12:36:12] EDIT biblioteca/controllers/default.py: 0
[2016-06-16 12:36:26] EDIT biblioteca/controllers/default.py: 0
[2016-06-16 12:37:01] EDIT biblioteca/controllers/default.py: 0
[2016-06-16 12:37:15] EDIT biblioteca/controllers/default.py: 0
[2016-06-16 12:43:00] EDIT biblioteca/controllers/default.py: 0
[2016-06-16 12:43:16] EDIT biblioteca/controllers/default.py: 0
[2016-06-16 12:44:12] EDIT biblioteca/views/default/estadistica.html: 1
[2016-06-16 12:45:11] EDIT biblioteca/controllers/default.py: 0
[2016-06-16 12:45:53] EDIT biblioteca/controllers/default.py: 0
[2016-06-16 12:48:00] EDIT biblioteca/controllers/default.py: 0
[2016-06-16 12:48:59] EDIT biblioteca/controllers/default.py: 0
[2016-06-16 12:49:41] EDIT biblioteca/controllers/default.py: 0
[2016-06-16 12:50:19] EDIT biblioteca/controllers/default.py: 0
[2016-06-16 12:54:52] EDIT biblioteca/controllers/default.py: 0
[2016-06-16 13:02:41] EDIT biblioteca/controllers/default.py: 0
[2016-06-16 13:04:06] EDIT biblioteca/controllers/default.py: 1
[2016-06-16 13:04:23] EDIT biblioteca/controllers/default.py: 0
[2016-06-16 13:04:41] EDIT biblioteca/controllers/default.py: 0
[2016-06-16 13:05:07] EDIT biblioteca/controllers/default.py: 0
[2016-06-16 13:05:23] EDIT biblioteca/views/default/estadistica.html: 1
[2016-06-16 13:09:45] EDIT biblioteca/controllers/default.py: 0
[2016-06-16 13:15:26] EDIT biblioteca/controllers/default.py: 0
[2016-06-16 13:16:36] EDIT biblioteca/controllers/default.py: 0
[2016-06-16 13:16:55] EDIT biblioteca/controllers/default.py: 0
[2016-06-16 13:18:19] EDIT biblioteca/controllers/default.py: 0
[2016-06-16 13:18:48] EDIT biblioteca/controllers/default.py: 0
[2016-06-16 13:19:39] EDIT biblioteca/controllers/default.py: 0
[2016-06-16 13:20:25] EDIT biblioteca/controllers/default.py: 0
[2016-06-16 13:41:13] EDIT biblioteca/views/default/estadistica.html: 0
[2016-06-16 13:41:46] EDIT biblioteca/views/default/estadistica.html: 0
[2016-06-16 13:41:58] EDIT biblioteca/views/default/estadistica.html: 1
[2016-06-16 13:42:45] EDIT biblioteca/views/default/estadistica.html: 0
[2016-06-16 13:43:03] EDIT biblioteca/views/default/estadistica.html: 0
[2016-06-16 13:43:42] EDIT biblioteca/views/default/estadistica.html: 0
[2016-06-16 13:44:27] EDIT biblioteca/controllers/default.py: 0
[2016-06-16 13:44:47] EDIT biblioteca/views/default/estadistica.html: 0
[2016-06-16 13:45:07] EDIT biblioteca/controllers/default.py: -1
[2016-06-16 13:45:30] EDIT biblioteca/controllers/default.py: 1
[2016-06-16 13:46:09] EDIT biblioteca/views/default/estadistica.html: 0
[2016-06-16 13:46:40] EDIT biblioteca/views/default/estadistica.html: 0
[2016-06-16 13:47:08] EDIT biblioteca/views/default/estadistica.html: 0
[2016-06-16 13:47:38] EDIT biblioteca/views/default/estadistica.html: 0
[2016-06-16 13:48:15] EDIT biblioteca/views/default/estadistica.html: 0
[2016-06-16 13:48:52] EDIT biblioteca/views/default/estadistica.html: 0
[2016-06-16 13:49:12] EDIT biblioteca/views/default/estadistica.html: 0
[2016-06-16 13:49:33] EDIT biblioteca/views/default/estadistica.html: 0
[2016-06-16 13:50:03] EDIT biblioteca/views/default/estadistica.html: 0
[2016-06-16 13:50:23] EDIT biblioteca/views/default/estadistica.html: 0
[2016-06-16 13:50:34] EDIT biblioteca/views/default/estadistica.html: 0
[2016-06-16 13:50:46] EDIT biblioteca/views/default/estadistica.html: 0
[2016-06-16 13:55:54] EDIT biblioteca/views/default/estadistica.html: 0
[2016-06-16 13:56:20] EDIT biblioteca/views/default/estadistica.html: 0
[2016-06-16 13:57:10] EDIT biblioteca/controllers/default.py: 0
[2016-06-16 13:57:17] EDIT biblioteca/controllers/default.py: 0
[2016-06-16 13:57:42] EDIT biblioteca/views/default/estadistica.html: 0
[2016-06-16 13:57:58] EDIT biblioteca/views/default/estadistica.html: 0
[2016-06-16 13:58:13] EDIT biblioteca/views/default/estadistica.html: 0
[2016-06-16 13:58:40] EDIT biblioteca/views/default/estadistica.html: 0
[2016-06-16 13:59:11] EDIT biblioteca/views/default/estadistica.html: 0
[2016-06-16 13:59:34] EDIT biblioteca/views/default/estadistica.html: 0
[2016-06-16 14:00:03] EDIT biblioteca/views/default/estadistica.html: 0
[2016-06-16 14:00:33] EDIT biblioteca/views/default/estadistica.html: 0
[2016-06-16 14:00:53] EDIT biblioteca/views/default/estadistica.html: 0
[2016-06-16 14:02:25] EDIT biblioteca/views/default/estadistica.html: 0
[2016-06-16 14:02:42] EDIT biblioteca/views/default/estadistica.html: 0
[2016-06-16 14:03:07] EDIT biblioteca/views/default/estadistica.html: 0
[2016-06-16 14:03:21] EDIT biblioteca/views/default/estadistica.html: 0
[2016-06-16 14:03:53] EDIT biblioteca/views/default/estadistica.html: 0
[2016-06-16 14:04:51] EDIT biblioteca/views/default/estadistica.html: 0
[2016-06-16 14:05:19] EDIT biblioteca/views/default/estadistica.html: 0
[2016-06-16 14:05:32] EDIT biblioteca/controllers/default.py: 0
[2016-06-16 14:06:05] EDIT biblioteca/controllers/default.py: 0
[2016-06-16 14:06:35] EDIT biblioteca/controllers/default.py: 0
[2016-06-16 14:07:01] EDIT biblioteca/views/default/estadistica.html: 0
[2016-06-16 14:10:10] EDIT biblioteca/views/default/estadistica.html: 0
[2016-06-16 14:10:55] EDIT biblioteca/views/default/estadistica.html: 0
[2016-06-16 14:11:45] EDIT biblioteca/controllers/default.py: 0
[2016-06-16 14:11:52] EDIT biblioteca/views/default/estadistica.html: 0
[2016-06-16 14:12:15] EDIT biblioteca/views/default/estadistica.html: 0
[2016-06-16 14:12:36] EDIT biblioteca/views/default/estadistica.html: 0
[2016-06-16 14:12:49] EDIT biblioteca/views/default/estadistica.html: 0
[2016-06-16 14:13:01] EDIT biblioteca/views/default/estadistica.html: 0
[2016-06-16 14:13:24] EDIT biblioteca/views/default/estadistica.html: 0
[2016-06-16 14:13:48] EDIT biblioteca/views/default/estadistica.html: 0
[2016-06-16 14:14:10] EDIT biblioteca/views/default/estadistica.html: 0
[2016-06-16 14:14:22] EDIT biblioteca/views/default/estadistica.html: 0
[2016-06-16 14:16:21] EDIT biblioteca/views/default/estadistica.html: 0
[2016-06-16 14:16:43] EDIT biblioteca/views/default/estadistica.html: 0
[2016-06-16 14:17:26] EDIT biblioteca/controllers/default.py: 0
[2016-06-16 14:19:32] EDIT biblioteca/controllers/default.py: 0
[2016-06-16 14:21:54] EDIT biblioteca/views/default/estadistica.html: 0
[2016-06-16 14:22:02] EDIT biblioteca/views/default/estadistica.html: 0
[2016-06-16 14:24:00] EDIT biblioteca/views/default/estadistica.html: 0
[2016-06-16 14:24:51] EDIT biblioteca/views/default/estadistica.html: 0
[2016-06-16 14:25:21] EDIT biblioteca/views/default/estadistica.html: 0
[2016-06-16 14:38:32] EDIT biblioteca/controllers/default.py: 7
[2016-06-16 14:38:42] EDIT biblioteca/controllers/default.py: 0
[2016-06-16 14:38:47] EDIT biblioteca/controllers/default.py: 0
[2016-06-16 14:39:02] EDIT biblioteca/controllers/default.py: 0
[2016-06-16 14:39:08] EDIT biblioteca/views/default/estadistica.html: -1
[2016-06-16 14:39:56] EDIT biblioteca/controllers/default.py: -1
[2016-06-16 14:40:30] EDIT biblioteca/controllers/default.py: 1
[2016-06-16 14:41:44] EDIT biblioteca/controllers/default.py: 0
[2016-06-16 14:42:28] EDIT biblioteca/controllers/default.py: 0
[2016-06-16 14:43:11] EDIT biblioteca/controllers/default.py: 0
[2016-06-16 14:43:46] EDIT biblioteca/controllers/default.py: 0
[2016-06-16 14:44:55] EDIT biblioteca/views/default/estadistica.html: 1
[2016-06-16 14:45:22] EDIT biblioteca/views/default/estadistica.html: 0
[2016-06-16 14:46:29] EDIT biblioteca/controllers/default.py: 0
[2016-06-16 14:46:53] EDIT biblioteca/views/default/estadistica.html: 0
[2016-06-16 14:47:01] EDIT biblioteca/controllers/default.py: 0
[2016-06-16 14:47:45] EDIT biblioteca/controllers/default.py: 0
[2016-06-16 14:48:02] EDIT biblioteca/controllers/default.py: 0
[2016-06-16 14:48:40] EDIT biblioteca/controllers/default.py: 0
[2016-06-16 14:49:02] EDIT biblioteca/controllers/default.py: 0
[2016-06-16 14:49:06] EDIT biblioteca/controllers/default.py: 0
[2016-06-16 14:49:16] EDIT biblioteca/controllers/default.py: 0
[2016-06-16 14:49:58] EDIT biblioteca/controllers/default.py: 0
[2016-06-16 14:50:24] EDIT biblioteca/controllers/default.py: 0
[2016-06-16 14:51:09] EDIT biblioteca/controllers/default.py: 0
[2016-06-16 14:52:24] EDIT biblioteca/controllers/default.py: 0
[2016-06-16 14:53:03] EDIT biblioteca/controllers/default.py: 0
[2016-06-16 14:55:33] EDIT biblioteca/views/default/estadistica.html: 4
[2016-06-16 14:58:40] EDIT biblioteca/views/default/estadistica.html: 0
[2016-06-22 08:42:29] EDIT biblioteca/controllers/default.py: -2
[2016-06-22 08:43:08] EDIT biblioteca/views/default/estadistica.html: -3
[2016-06-22 08:43:15] EDIT biblioteca/views/default/estadistica.html: -4
[2016-06-22 08:44:20] EDIT biblioteca/controllers/default.py: 0
[2016-06-22 08:45:00] EDIT biblioteca/controllers/default.py: 1
[2016-06-22 08:45:20] EDIT biblioteca/controllers/default.py: -1
