[2016-06-02 09:38:19] START
[2016-06-13 10:06:03] CREATE biblio.py: 0
[2016-06-13 10:15:48] EDIT crie3/controllers/biblio.py: 13
[2016-06-13 10:16:09] EDIT crie3/controllers/biblio.py: 0
[2016-06-13 10:16:45] EDIT crie3/controllers/biblio.py: 0
[2016-06-13 10:17:03] EDIT crie3/controllers/biblio.py: 0
[2016-06-13 10:23:34] EDIT crie3/controllers/biblio.py: 0
[2016-06-13 10:24:20] EDIT crie3/models/db.py: 14
[2016-06-13 10:25:07] EDIT crie3/models/db.py: 0
[2016-06-13 10:26:00] DELETE crie3/controllers/biblio.py: -14
[2016-06-13 10:27:53] EDIT crie3/models/db.py: 3
[2016-06-13 10:28:53] EDIT crie3/models/db.py: 0
[2016-06-13 10:31:11] EDIT crie3/models/db.py: 0
[2016-06-13 10:32:45] EDIT crie3/models/db.py: 0
[2016-06-13 10:34:14] EDIT crie3/models/db.py: -1
[2016-06-13 10:35:47] EDIT crie3/models/db.py: 0
[2016-06-13 10:36:05] EDIT crie3/models/db.py: 0
[2016-06-13 10:36:09] EDIT crie3/models/db.py: 0
[2016-06-13 10:36:47] EDIT crie3/models/db.py: 0
[2016-06-13 10:36:50] EDIT crie3/models/db.py: 0
[2016-06-13 10:36:54] EDIT crie3/models/db.py: 0
[2016-06-13 10:37:07] EDIT crie3/models/db.py: -3
[2016-06-13 10:37:19] EDIT crie3/models/db.py: 0
[2016-06-13 10:38:48] EDIT crie3/models/db.py: 1
[2016-06-13 10:39:50] EDIT crie3/models/db.py: 0
[2016-06-13 10:41:14] EDIT crie3/models/db.py: 2
[2016-06-13 10:41:58] EDIT crie3/models/db.py: -4
[2016-06-13 10:42:10] EDIT crie3/models/db.py: 0
[2016-06-13 10:43:02] EDIT crie3/models/db.py: -1
[2016-06-13 10:43:52] EDIT crie3/models/db.py: -6
[2016-06-13 10:44:18] EDIT crie3/models/db.py: 0
[2016-06-13 10:44:39] EDIT crie3/models/db.py: 0
[2016-06-13 10:45:23] EDIT crie3/models/db.py: 0
[2016-06-13 10:45:54] EDIT crie3/models/db.py: -1
[2016-06-13 10:46:52] EDIT crie3/models/db.py: 0
[2016-06-13 10:47:27] EDIT crie3/models/db.py: 10
[2016-06-13 10:48:11] EDIT crie3/models/db.py: 0
[2016-06-13 10:48:25] EDIT crie3/models/db.py: 0
[2016-06-13 10:49:00] EDIT crie3/models/db.py: 0
[2016-06-13 10:49:40] EDIT crie3/models/db.py: 0
[2016-06-13 10:57:39] EDIT crie3/models/db.py: 3
[2016-06-13 10:58:39] EDIT crie3/models/db.py: 0
[2016-06-13 11:01:09] EDIT crie3/models/db.py: 6
[2016-06-13 11:01:37] EDIT crie3/models/db.py: 1
[2016-06-13 11:02:02] EDIT crie3/models/db.py: 0
[2016-06-13 11:02:27] EDIT crie3/models/db.py: 0
[2016-06-13 11:02:50] EDIT crie3/models/db.py: 0
[2016-06-13 11:03:23] EDIT crie3/models/db.py: 0
[2016-06-13 11:04:09] EDIT crie3/models/db.py: 0
[2016-06-13 11:04:27] EDIT crie3/models/db.py: 0
[2016-06-13 11:05:02] EDIT crie3/models/db.py: 0
[2016-06-13 11:05:47] EDIT crie3/models/db.py: 0
[2016-06-13 11:13:47] EDIT crie3/controllers/default.py: 3
[2016-06-13 11:14:35] EDIT crie3/controllers/default.py: 0
[2016-06-13 11:15:30] EDIT crie3/models/db.py: 0
[2016-06-13 11:18:50] EDIT crie3/views/default/index.html: -43
[2016-06-13 11:19:00] EDIT crie3/views/default/index.html: 0
[2016-06-13 11:19:39] EDIT crie3/views/default/index.html: 1
[2016-06-13 11:20:24] EDIT crie3/views/default/index.html: 0
[2016-06-13 11:20:59] EDIT crie3/views/default/index.html: 0
[2016-06-13 11:24:15] EDIT crie3/views/default/index.html: 0
[2016-06-13 11:26:41] EDIT crie3/controllers/default.py: 0
[2016-06-13 11:26:45] EDIT crie3/views/default/index.html: 0
[2016-06-13 11:27:37] EDIT crie3/controllers/default.py: 0
[2016-06-13 11:28:56] CREATE mostrar.html: 0
[2016-06-13 11:29:08] DELETE crie3/views/mostrar.html: -3
[2016-06-13 11:29:25] CREATE default/mostrar.html: 0
[2016-06-13 11:32:18] EDIT crie3/views/default/index.html: 0
[2016-06-13 12:37:31] EDIT crie3/models/db.py: -4
[2016-06-13 12:38:02] EDIT crie3/models/db.py: 0
[2016-06-13 12:42:27] EDIT crie3/models/db.py: 11
[2016-06-13 12:42:35] EDIT crie3/models/db.py: 0
[2016-06-13 12:43:17] EDIT crie3/models/db.py: 0
[2016-06-13 12:50:57] EDIT crie3/models/db.py: 0
[2016-06-13 12:51:28] EDIT crie3/models/db.py: 0
[2016-06-13 12:51:33] EDIT crie3/models/db.py: 0
[2016-06-13 12:54:10] EDIT crie3/models/db.py: 1
[2016-06-13 12:54:54] EDIT crie3/models/db.py: 0
[2016-06-13 12:59:49] EDIT crie3/models/db.py: 0
[2016-06-13 13:00:50] EDIT crie3/models/db.py: 0
[2016-06-13 13:04:47] EDIT crie3/models/db.py: 10
[2016-06-13 13:06:08] EDIT crie3/models/db.py: 0
[2016-06-13 13:09:11] EDIT crie3/models/db.py: 10
[2016-06-13 13:11:26] EDIT crie3/models/db.py: 0
[2016-06-13 13:11:46] EDIT crie3/models/db.py: 0
[2016-06-13 13:16:37] EDIT crie3/models/db.py: 9
[2016-06-13 13:17:07] EDIT crie3/models/db.py: 0
[2016-06-13 13:18:25] EDIT crie3/models/db.py: 0
[2016-06-13 13:19:32] EDIT crie3/models/db.py: 10
[2016-06-13 13:23:31] EDIT crie3/models/db.py: -8
[2016-06-13 13:23:46] EDIT crie3/models/db.py: 0
[2016-06-13 13:25:20] EDIT crie3/models/db.py: 0
[2016-06-13 13:26:21] EDIT crie3/models/db.py: -51
[2016-06-13 13:26:40] EDIT crie3/models/db.py: 12
[2016-06-13 13:27:00] EDIT crie3/models/db.py: 11
[2016-06-13 13:27:16] EDIT crie3/models/db.py: 28
[2016-06-13 13:27:34] EDIT crie3/models/db.py: -19
[2016-06-13 13:28:40] EDIT crie3/models/db.py: -1
[2016-06-13 13:31:03] EDIT crie3/models/db.py: 20
[2016-06-13 13:31:31] EDIT crie3/models/db.py: -27
[2016-06-13 13:31:50] EDIT crie3/models/db.py: 3
[2016-06-13 13:33:05] EDIT crie3/models/db.py: 0
[2016-06-13 13:33:15] EDIT crie3/models/db.py: 0
[2016-06-13 13:35:23] EDIT crie3/models/db.py: 24
[2016-06-13 13:35:35] EDIT crie3/models/db.py: -6
[2016-06-13 13:35:50] EDIT crie3/models/db.py: -19
[2016-06-13 13:36:13] EDIT crie3/models/db.py: -1
[2016-06-13 13:36:53] EDIT crie3/models/db.py: -2
[2016-06-13 13:36:53] EDIT crie3/models/db.py: 0
[2016-06-13 13:41:02] EDIT crie3/models/db.py: 11
[2016-06-13 13:41:50] EDIT crie3/models/db.py: 0
[2016-06-13 13:42:03] EDIT crie3/models/db.py: 0
[2016-06-13 13:42:38] EDIT crie3/models/db.py: 0
[2016-06-13 13:43:27] EDIT crie3/models/db.py: -1
[2016-06-13 13:44:24] EDIT crie3/models/db.py: 0
[2016-06-13 13:45:03] EDIT crie3/models/db.py: 0
[2016-06-13 13:55:01] EDIT crie3/models/db.py: 24
[2016-06-13 13:56:01] EDIT crie3/models/db.py: 1
[2016-06-13 13:56:50] EDIT crie3/models/db.py: -1
[2016-06-13 13:58:11] EDIT crie3/models/db.py: 1
[2016-06-13 13:59:01] EDIT crie3/models/db.py: 0
[2016-06-13 14:03:51] EDIT crie3/models/db.py: 1
[2016-06-14 08:11:38] EDIT crie3/controllers/default.py: -3
[2016-06-14 08:18:30] CREATE alumnos.py: 0
[2016-06-14 08:18:42] CREATE supervision.py: 0
[2016-06-14 08:18:55] CREATE especialista.py: 0
[2016-06-14 08:19:20] CREATE docente.py: 0
[2016-06-14 08:19:51] CREATE escuela.py: 0
[2016-06-14 08:27:08] CREATE agre_alumno.html: 0
[2016-06-14 08:28:09] EDIT crie3/controllers/alumnos.py: 0
[2016-06-14 08:30:17] EDIT crie3/controllers/alumnos.py: 0
[2016-06-14 08:35:47] EDIT crie3/views/agre_alumno.html: 4
[2016-06-14 08:37:22] EDIT crie3/controllers/alumnos.py: 2
[2016-06-14 08:37:37] EDIT crie3/controllers/alumnos.py: 0
[2016-06-14 08:37:56] EDIT crie3/controllers/alumnos.py: 0
[2016-06-14 08:45:55] EDIT crie3/controllers/alumnos.py: 0
[2016-06-14 08:47:33] EDIT crie3/controllers/alumnos.py: 0
[2016-06-14 08:50:57] EDIT crie3/views/agre_alumno.html: 0
[2016-06-14 08:54:50] DELETE crie3/views/agre_alumno.html: -7
[2016-06-14 08:55:57] CREATE alumnos/agre_alumno.html: 0
[2016-06-14 08:56:13] DELETE crie3/views/alumnos/agre_alumno.html: -3
[2016-06-14 08:56:37] CREATE alumnos/agre_alum.html: 0
[2016-06-14 08:57:29] EDIT crie3/views/alumnos/agre_alum.html: 4
[2016-06-14 08:59:42] CREATE alumnos/mostrar.html: 0
[2016-06-14 09:19:30] EDIT crie3/controllers/alumnos.py: 3
[2016-06-14 09:20:07] EDIT crie3/controllers/alumnos.py: 0
[2016-06-14 09:20:29] EDIT crie3/views/alumnos/mostrar.html: 0
[2016-06-14 09:21:24] EDIT crie3/controllers/alumnos.py: 0
[2016-06-14 09:52:50] EDIT crie3/controllers/alumnos.py: 2
[2016-06-14 09:53:45] EDIT crie3/controllers/alumnos.py: 2
[2016-06-14 09:54:35] CREATE alumnos/editar.html: 0
[2016-06-14 09:55:13] EDIT crie3/views/alumnos/editar.html: 0
[2016-06-14 09:55:23] EDIT crie3/views/alumnos/editar.html: 0
[2016-06-14 09:58:34] EDIT crie3/views/alumnos/editar.html: -1
[2016-06-14 10:00:42] EDIT crie3/controllers/alumnos.py: 0
[2016-06-14 10:02:38] EDIT crie3/views/alumnos/editar.html: 1
[2016-06-14 10:05:32] EDIT crie3/controllers/alumnos.py: 0
[2016-06-14 10:08:51] DELETE crie3/views/alumnos/editar.html: -3
[2016-06-14 10:18:24] EDIT crie3/controllers/alumnos.py: -4
[2016-06-14 10:22:06] EDIT crie3/controllers/docente.py: 5
[2016-06-14 10:24:14] EDIT crie3/controllers/docente.py: 0
[2016-06-14 10:30:09] EDIT crie3/controllers/especialista.py: 5
[2016-06-14 10:30:43] EDIT crie3/controllers/supervision.py: 5
[2016-06-14 10:31:30] EDIT crie3/controllers/escuela.py: 5
[2016-06-14 10:34:45] EDIT crie3/models/db.py: 0
[2016-06-14 10:37:29] EDIT crie3/models/db.py: 0
[2016-06-14 10:52:05] EDIT crie3/views/default/index.html: -5
[2016-06-14 10:52:20] EDIT crie3/views/default/index.html: 0
[2016-06-14 10:53:05] EDIT crie3/views/default/index.html: 0
[2016-06-15 14:26:34] EDIT crie3/models/db.py: 1
[2016-06-15 14:39:13] EDIT crie3/models/db.py: 0
[2016-06-15 14:40:46] EDIT crie3/models/db.py: 0
[2016-06-15 14:40:57] EDIT crie3/models/db.py: 0
[2016-06-15 14:41:56] EDIT crie3/models/db.py: 0
[2016-06-15 14:43:04] EDIT crie3/models/db.py: 0
[2016-06-17 08:36:15] CREATE default/estadistica.html: 0
[2016-06-17 08:37:35] EDIT crie3/controllers/alumnos.py: 20
[2016-06-17 08:38:48] EDIT crie3/views/default/estadistica.html: 8
[2016-06-17 08:42:25] EDIT crie3/controllers/alumnos.py: 0
[2016-06-17 08:43:10] EDIT crie3/controllers/alumnos.py: 0
[2016-06-17 08:45:04] EDIT crie3/controllers/alumnos.py: 0
[2016-06-17 08:47:53] EDIT crie3/views/default/estadistica.html: 4
[2016-06-17 08:49:52] EDIT crie3/views/default/estadistica.html: 5
[2016-06-17 08:51:07] EDIT crie3/views/default/estadistica.html: 0
[2016-06-17 08:52:01] EDIT crie3/views/default/estadistica.html: 3
[2016-06-17 08:54:26] EDIT crie3/views/default/estadistica.html: 1
[2016-06-17 08:55:55] EDIT crie3/views/default/estadistica.html: 3
[2016-06-17 08:56:23] EDIT crie3/views/default/estadistica.html: 0
[2016-06-17 08:57:03] EDIT crie3/views/default/estadistica.html: 0
[2016-06-17 08:58:04] EDIT crie3/views/default/estadistica.html: 0
[2016-06-17 08:58:28] EDIT crie3/views/default/estadistica.html: -1
[2016-06-17 08:59:36] EDIT crie3/views/default/estadistica.html: 1
[2016-06-17 09:00:05] EDIT crie3/views/default/estadistica.html: 1
[2016-06-17 09:00:48] EDIT crie3/views/default/estadistica.html: -22
[2016-06-17 09:00:48] EDIT crie3/views/default/estadistica.html: 0
[2016-06-17 09:01:00] EDIT crie3/views/default/estadistica.html: -4
[2016-06-17 09:02:39] DELETE crie3/views/default/estadistica.html: -2
[2016-06-17 09:03:00] CREATE alumnos/estadistica.html: 0
[2016-06-17 09:03:29] EDIT crie3/views/alumnos/estadistica.html: 25
[2016-06-17 09:05:44] EDIT crie3/views/alumnos/estadistica.html: -3
[2016-06-17 09:06:23] EDIT crie3/views/alumnos/estadistica.html: 2
[2016-06-17 09:07:45] EDIT crie3/views/alumnos/estadistica.html: 0
[2016-06-17 09:09:26] EDIT crie3/views/alumnos/estadistica.html: 4
[2016-06-17 09:10:23] EDIT crie3/views/alumnos/estadistica.html: -8
[2016-06-17 09:15:10] EDIT crie3/views/alumnos/estadistica.html: 0
[2016-06-17 09:15:58] EDIT crie3/views/alumnos/estadistica.html: 0
[2016-06-17 09:17:05] EDIT crie3/controllers/alumnos.py: 0
[2016-06-17 09:23:53] EDIT crie3/controllers/alumnos.py: 0
[2016-06-17 09:26:14] EDIT crie3/controllers/alumnos.py: 1
[2016-06-17 09:28:54] EDIT crie3/controllers/alumnos.py: 0
[2016-06-17 09:30:17] EDIT crie3/controllers/alumnos.py: 0
[2016-06-17 09:35:40] EDIT crie3/controllers/alumnos.py: 0
[2016-06-17 09:36:20] EDIT crie3/controllers/alumnos.py: 0
[2016-06-17 09:38:08] EDIT crie3/views/alumnos/estadistica.html: 2
[2016-06-17 09:38:49] EDIT crie3/controllers/alumnos.py: 0
[2016-06-17 09:40:12] EDIT crie3/views/alumnos/estadistica.html: 0
[2016-06-17 09:40:49] EDIT crie3/views/alumnos/estadistica.html: 0
[2016-06-17 09:40:58] EDIT crie3/views/alumnos/estadistica.html: 0
[2016-06-17 09:41:11] EDIT crie3/views/alumnos/estadistica.html: 0
[2016-06-17 09:41:38] EDIT crie3/views/alumnos/estadistica.html: -1
[2016-06-17 09:42:30] EDIT crie3/views/alumnos/estadistica.html: 1
[2016-06-17 09:43:44] EDIT crie3/controllers/alumnos.py: -1
[2016-06-17 09:48:11] EDIT crie3/controllers/alumnos.py: -8
[2016-06-17 09:48:45] EDIT crie3/views/alumnos/estadistica.html: -5
[2016-06-17 09:50:48] EDIT crie3/views/alumnos/estadistica.html: -5
[2016-06-17 09:51:35] EDIT crie3/controllers/alumnos.py: 0
[2016-06-17 09:53:49] EDIT crie3/views/alumnos/estadistica.html: 0
[2016-06-17 09:53:58] EDIT crie3/views/alumnos/estadistica.html: 0
[2016-06-17 09:54:44] EDIT crie3/views/alumnos/estadistica.html: 0
[2016-06-17 09:55:36] EDIT crie3/views/alumnos/estadistica.html: 0
[2016-06-17 09:56:23] EDIT crie3/controllers/alumnos.py: 1
[2016-06-17 09:56:59] EDIT crie3/controllers/alumnos.py: 0
[2016-06-17 09:57:41] EDIT crie3/controllers/alumnos.py: -1
[2016-06-17 09:58:08] EDIT crie3/views/alumnos/estadistica.html: 0
[2016-06-17 09:58:37] EDIT crie3/controllers/alumnos.py: 0
[2016-06-17 10:01:41] EDIT crie3/views/alumnos/estadistica.html: 0
[2016-06-17 10:07:59] EDIT crie3/controllers/alumnos.py: -12
[2016-06-17 10:09:37] EDIT crie3/controllers/alumnos.py: 0
[2016-06-17 10:09:53] EDIT crie3/views/alumnos/estadistica.html: -13
[2016-06-17 10:21:11] EDIT crie3/models/db.py: 0
[2016-06-17 10:21:32] EDIT crie3/models/db.py: 0
[2016-06-17 10:25:20] EDIT crie3/models/db.py: 0
[2016-06-17 10:25:51] EDIT crie3/models/db.py: 0
[2016-06-17 10:26:35] EDIT crie3/models/db.py: -27
[2016-06-17 10:26:55] EDIT crie3/models/db.py: 27
[2016-06-17 10:29:34] EDIT crie3/models/db.py: 1
[2016-06-17 10:30:55] EDIT crie3/models/db.py: 0
[2016-06-17 10:32:36] EDIT crie3/models/db.py: 0
[2016-06-17 10:33:59] EDIT crie3/models/db.py: 0
[2016-06-17 10:34:40] EDIT crie3/controllers/alumnos.py: 12
[2016-06-17 10:36:29] EDIT crie3/views/alumnos/agre_alum.html: 0
[2016-06-17 10:36:46] EDIT crie3/views/alumnos/mostrar.html: 0
[2016-06-17 10:37:53] EDIT crie3/controllers/alumnos.py: 0
[2016-06-17 10:41:59] EDIT crie3/views/alumnos/estadistica.html: 13
[2016-06-17 10:43:33] EDIT crie3/controllers/alumnos.py: 0
[2016-06-17 10:44:34] EDIT crie3/controllers/alumnos.py: 0
[2016-06-17 10:45:28] EDIT crie3/controllers/alumnos.py: 0
[2016-06-17 10:46:56] EDIT crie3/controllers/alumnos.py: 1
[2016-06-17 10:49:09] EDIT crie3/controllers/alumnos.py: 0
[2016-06-17 10:49:43] EDIT crie3/controllers/alumnos.py: 0
[2016-06-17 10:50:36] EDIT crie3/controllers/alumnos.py: 1
[2016-06-17 10:50:42] EDIT crie3/controllers/alumnos.py: 0
[2016-06-17 10:54:58] EDIT crie3/controllers/alumnos.py: 0
[2016-06-17 10:55:09] EDIT crie3/controllers/alumnos.py: 0
[2016-06-17 10:56:28] EDIT crie3/controllers/alumnos.py: 0
[2016-06-17 11:00:44] EDIT crie3/controllers/alumnos.py: -2
[2016-06-17 11:01:19] EDIT crie3/controllers/alumnos.py: 0
[2016-06-17 11:01:49] EDIT crie3/controllers/alumnos.py: 0
[2016-06-17 11:03:05] EDIT crie3/controllers/alumnos.py: 0
[2016-06-17 11:03:50] EDIT crie3/controllers/alumnos.py: 0
[2016-06-17 11:04:55] EDIT crie3/controllers/alumnos.py: 0
[2016-06-17 11:07:50] EDIT crie3/views/alumnos/estadistica.html: 1
[2016-06-17 11:08:26] EDIT crie3/controllers/alumnos.py: 1
[2016-06-17 11:08:32] EDIT crie3/views/alumnos/estadistica.html: 0
[2016-06-17 11:11:03] EDIT crie3/controllers/alumnos.py: -1
[2016-06-17 11:11:31] EDIT crie3/views/alumnos/estadistica.html: -1
[2016-06-17 11:11:37] EDIT crie3/controllers/alumnos.py: 0
[2016-06-17 11:12:36] EDIT crie3/controllers/alumnos.py: 1
[2016-06-17 11:12:59] EDIT crie3/views/alumnos/estadistica.html: 1
[2016-06-17 11:13:50] EDIT crie3/controllers/alumnos.py: 0
[2016-06-17 11:14:06] EDIT crie3/controllers/alumnos.py: 0
[2016-06-17 11:14:52] EDIT crie3/controllers/alumnos.py: 0
[2016-06-17 11:15:51] EDIT crie3/controllers/alumnos.py: 0
[2016-06-17 11:16:46] EDIT crie3/controllers/alumnos.py: 0
[2016-06-17 11:16:57] EDIT crie3/controllers/alumnos.py: 0
[2016-06-17 11:17:03] EDIT crie3/views/alumnos/estadistica.html: -1
[2016-06-17 11:17:33] EDIT crie3/controllers/alumnos.py: 0
[2016-06-17 11:17:44] EDIT crie3/controllers/alumnos.py: 0
[2016-06-17 11:18:32] EDIT crie3/controllers/alumnos.py: 0
[2016-06-17 11:19:19] EDIT crie3/controllers/alumnos.py: 0
[2016-06-17 11:20:07] EDIT crie3/views/alumnos/estadistica.html: 1
[2016-06-17 11:20:19] EDIT crie3/views/alumnos/estadistica.html: -1
[2016-06-17 11:20:47] EDIT crie3/controllers/alumnos.py: 0
[2016-06-17 11:21:58] EDIT crie3/controllers/alumnos.py: 0
[2016-06-17 11:22:49] EDIT crie3/controllers/alumnos.py: 0
[2016-06-17 11:23:26] EDIT crie3/controllers/alumnos.py: 0
[2016-06-17 11:24:31] EDIT crie3/controllers/alumnos.py: 0
[2016-06-17 11:24:45] EDIT crie3/controllers/alumnos.py: 0
[2016-06-17 11:26:58] EDIT crie3/controllers/alumnos.py: 0
[2016-06-17 11:27:22] EDIT crie3/controllers/alumnos.py: 0
[2016-06-17 11:27:39] EDIT crie3/controllers/alumnos.py: 0
[2016-06-17 11:28:07] EDIT crie3/controllers/alumnos.py: 0
[2016-06-17 12:00:22] EDIT crie3/controllers/alumnos.py: 0
[2016-06-17 12:03:03] EDIT crie3/controllers/alumnos.py: 1
[2016-06-17 12:03:36] EDIT crie3/views/alumnos/estadistica.html: 1
[2016-06-17 12:03:59] EDIT crie3/views/alumnos/estadistica.html: 0
[2016-06-17 12:04:57] EDIT crie3/controllers/alumnos.py: 0
[2016-06-17 12:05:07] EDIT crie3/views/alumnos/estadistica.html: 0
[2016-06-17 12:06:26] EDIT crie3/controllers/alumnos.py: 0
[2016-06-17 12:06:49] EDIT crie3/controllers/alumnos.py: 0
[2016-06-17 12:07:22] EDIT crie3/controllers/alumnos.py: 0
[2016-06-17 12:07:57] EDIT crie3/controllers/alumnos.py: 0
[2016-06-17 12:08:28] EDIT crie3/controllers/alumnos.py: 0
[2016-06-17 12:08:51] EDIT crie3/controllers/alumnos.py: 0
[2016-06-17 12:09:18] EDIT crie3/controllers/alumnos.py: 0
[2016-06-17 12:29:07] EDIT crie3/controllers/alumnos.py: 0
[2016-06-17 12:29:28] EDIT crie3/controllers/alumnos.py: 0
[2016-06-17 12:29:47] EDIT crie3/controllers/alumnos.py: 0
[2016-06-17 12:30:47] EDIT crie3/controllers/alumnos.py: 0
[2016-06-17 12:31:07] EDIT crie3/controllers/alumnos.py: 0
[2016-06-17 12:31:23] EDIT crie3/controllers/alumnos.py: 0
[2016-06-17 12:31:42] EDIT crie3/controllers/alumnos.py: 0
[2016-06-17 12:33:07] EDIT crie3/controllers/alumnos.py: 0
[2016-06-17 12:34:12] EDIT crie3/views/alumnos/estadistica.html: 0
[2016-06-17 12:35:09] EDIT crie3/controllers/alumnos.py: 0
[2016-06-17 12:35:48] EDIT crie3/controllers/alumnos.py: 0
[2016-06-17 12:35:55] EDIT crie3/views/alumnos/estadistica.html: 0
[2016-06-17 12:36:34] EDIT crie3/views/alumnos/estadistica.html: 0
[2016-06-17 12:36:55] EDIT crie3/views/alumnos/estadistica.html: 0
[2016-06-17 12:37:30] EDIT crie3/views/alumnos/estadistica.html: 0
[2016-06-17 12:37:54] EDIT crie3/views/alumnos/estadistica.html: 0
[2016-06-17 12:38:20] EDIT crie3/views/alumnos/estadistica.html: 0
[2016-06-17 12:39:10] EDIT crie3/views/alumnos/estadistica.html: 0
[2016-06-17 12:39:43] EDIT crie3/controllers/alumnos.py: 0
[2016-06-17 12:39:48] EDIT crie3/views/alumnos/estadistica.html: 0
[2016-06-17 12:39:50] EDIT crie3/controllers/alumnos.py: 0
[2016-06-17 12:40:12] EDIT crie3/views/alumnos/estadistica.html: 0
[2016-06-17 12:40:43] EDIT crie3/controllers/alumnos.py: 0
[2016-06-17 12:40:49] EDIT crie3/controllers/alumnos.py: 0
[2016-06-17 12:41:19] EDIT crie3/views/alumnos/estadistica.html: 0
[2016-06-17 12:42:04] EDIT crie3/controllers/alumnos.py: 0
[2016-06-17 12:42:30] EDIT crie3/controllers/alumnos.py: 0
[2016-06-17 12:42:56] EDIT crie3/controllers/alumnos.py: 0
[2016-06-17 12:43:23] EDIT crie3/views/alumnos/estadistica.html: 0
[2016-06-17 12:43:54] EDIT crie3/views/alumnos/estadistica.html: 0
[2016-06-17 12:44:09] EDIT crie3/views/alumnos/estadistica.html: 0
[2016-06-17 12:44:35] EDIT crie3/controllers/alumnos.py: 0
[2016-06-17 12:44:52] EDIT crie3/controllers/alumnos.py: 0
[2016-06-17 12:45:21] EDIT crie3/controllers/alumnos.py: 0
[2016-06-17 12:45:51] EDIT crie3/controllers/alumnos.py: 0
[2016-06-17 12:46:45] EDIT crie3/controllers/alumnos.py: 0
[2016-06-17 12:47:33] EDIT crie3/controllers/alumnos.py: 0
[2016-06-17 12:48:06] EDIT crie3/controllers/alumnos.py: 0
[2016-06-17 12:48:23] EDIT crie3/controllers/alumnos.py: 0
[2016-06-17 12:49:20] EDIT crie3/controllers/alumnos.py: 0
[2016-06-17 12:49:46] EDIT crie3/controllers/alumnos.py: 0
[2016-06-17 12:50:42] EDIT crie3/controllers/alumnos.py: 0
[2016-06-17 12:51:09] EDIT crie3/controllers/alumnos.py: 0
[2016-06-17 12:51:44] EDIT crie3/controllers/alumnos.py: 0
[2016-06-17 13:06:20] EDIT crie3/controllers/alumnos.py: 0
[2016-06-17 13:06:56] EDIT crie3/controllers/alumnos.py: 0
[2016-06-17 13:07:23] EDIT crie3/controllers/alumnos.py: 0
[2016-06-17 13:08:14] EDIT crie3/controllers/alumnos.py: 0
[2016-06-17 13:09:10] EDIT crie3/controllers/alumnos.py: 0
[2016-06-17 13:09:30] EDIT crie3/controllers/alumnos.py: 0
[2016-06-17 13:10:13] EDIT crie3/controllers/alumnos.py: 0
[2016-06-17 13:10:29] EDIT crie3/controllers/alumnos.py: 0
[2016-06-17 13:12:15] EDIT crie3/controllers/alumnos.py: 0
[2016-06-17 13:12:52] EDIT crie3/controllers/alumnos.py: 0
[2016-06-17 13:13:06] EDIT crie3/controllers/alumnos.py: 0
[2016-06-17 13:17:21] EDIT crie3/controllers/alumnos.py: 0
[2016-06-17 13:19:53] EDIT crie3/controllers/alumnos.py: 0
[2016-06-17 13:20:20] EDIT crie3/controllers/alumnos.py: 0
[2016-06-17 13:24:47] EDIT crie3/controllers/alumnos.py: 0
[2016-06-17 13:25:41] EDIT crie3/controllers/alumnos.py: 0
[2016-06-17 13:27:57] EDIT crie3/controllers/alumnos.py: 0
[2016-06-17 13:28:39] EDIT crie3/views/alumnos/estadistica.html: 0
[2016-06-17 13:29:17] EDIT crie3/controllers/alumnos.py: 0
[2016-06-17 13:32:07] EDIT crie3/controllers/alumnos.py: 0
[2016-06-17 13:33:05] EDIT crie3/controllers/alumnos.py: 0
[2016-06-17 13:33:34] EDIT crie3/views/alumnos/estadistica.html: 0
[2016-06-17 13:34:00] EDIT crie3/controllers/alumnos.py: 0
[2016-06-17 13:34:36] EDIT crie3/controllers/alumnos.py: 0
[2016-06-17 13:34:56] EDIT crie3/controllers/alumnos.py: 0
[2016-06-17 13:35:17] EDIT crie3/controllers/alumnos.py: 0
[2016-06-17 13:35:51] EDIT crie3/controllers/alumnos.py: 0
[2016-06-17 13:36:31] EDIT crie3/controllers/alumnos.py: -1
[2016-06-17 13:37:01] EDIT crie3/controllers/alumnos.py: 1
[2016-06-17 13:41:47] EDIT crie3/views/alumnos/estadistica.html: 2
[2016-06-17 13:42:10] EDIT crie3/views/alumnos/estadistica.html: -2
[2016-06-17 13:43:35] EDIT crie3/views/alumnos/estadistica.html: 1
[2016-06-17 13:44:03] EDIT crie3/views/alumnos/estadistica.html: -1
[2016-06-17 13:58:06] EDIT crie3/controllers/alumnos.py: 0
[2016-06-17 13:58:18] EDIT crie3/controllers/alumnos.py: 0
[2016-06-17 13:59:14] EDIT crie3/controllers/alumnos.py: 0
[2016-06-17 13:59:21] EDIT crie3/controllers/alumnos.py: 0
[2016-06-17 14:04:03] EDIT crie3/views/alumnos/estadistica.html: 0
[2016-06-17 14:08:03] EDIT crie3/controllers/alumnos.py: 0
[2016-06-17 14:08:27] EDIT crie3/views/alumnos/estadistica.html: 0
[2016-06-17 14:08:34] EDIT crie3/controllers/alumnos.py: 0
[2016-06-17 14:09:36] EDIT crie3/views/alumnos/estadistica.html: -5
[2016-06-17 14:11:10] EDIT crie3/controllers/alumnos.py: -2
[2016-06-17 14:11:33] EDIT crie3/controllers/alumnos.py: 0
[2016-06-17 14:11:56] EDIT crie3/views/alumnos/estadistica.html: -2
[2016-06-17 14:12:39] EDIT crie3/controllers/alumnos.py: 0
[2016-06-17 14:13:05] EDIT crie3/controllers/alumnos.py: -1
[2016-06-17 14:15:57] EDIT crie3/controllers/alumnos.py: 0
[2016-06-17 14:18:12] EDIT crie3/controllers/alumnos.py: 0
[2016-06-22 00:13:32] EDIT crie3/controllers/alumnos.py: 7
[2016-06-22 00:13:58] EDIT crie3/controllers/alumnos.py: 0
[2016-06-22 00:14:09] EDIT crie3/controllers/alumnos.py: 0
[2016-06-22 00:15:41] EDIT crie3/views/alumnos/estadistica.html: 22
[2016-06-22 00:17:56] EDIT crie3/controllers/alumnos.py: 0
[2016-06-22 00:18:04] EDIT crie3/controllers/alumnos.py: 0
[2016-06-22 00:18:42] EDIT crie3/controllers/alumnos.py: 0
[2016-06-22 00:24:23] EDIT crie3/controllers/alumnos.py: 0
