[2015-09-08 08:33:37] START
[2015-09-08 08:34:27] EDIT finder2options/controllers/default.py: 14
[2015-09-08 08:35:01] CREATE default/bieletas.html: 0
[2015-09-08 08:35:21] EDIT finder2options/views/default/bieletas.html: 3
[2015-09-08 08:36:17] EDIT finder2options/models/menu.py: -89
[2015-09-08 08:37:33] EDIT finder2options/models/menu.py: 0
[2015-09-08 08:37:45] CREATE modelo.py: 0
[2015-09-08 08:41:27] EDIT finder2options/models/modelo.py: 6
[2015-09-08 08:41:36] EDIT finder2options/models/modelo.py: 0
[2015-09-08 08:41:46] EDIT finder2options/models/modelo.py: 0
[2015-09-08 08:42:17] EDIT finder2options/models/modelo.py: 0
[2015-09-08 08:46:03] EDIT finder2options/models/modelo.py: 0
[2015-09-08 09:06:39] CREATE dynamicsearch.py: 0
[2015-09-08 09:10:56] EDIT finder2options/controllers/default.py: 4
[2015-09-08 09:11:01] EDIT finder2options/controllers/default.py: 0
[2015-09-08 09:11:25] CREATE default/busquedadinamica.htlm: 0
[2015-09-08 09:11:45] DELETE finder2options/views/default/busquedadinamica.htlm: 0
[2015-09-08 09:11:59] CREATE default/busquedadinamica.html: 0
[2015-09-08 09:12:23] EDIT finder2options/views/default/busquedadinamica.html: 0
[2015-09-08 09:13:04] EDIT finder2options/models/menu.py: 2
[2015-09-08 09:13:07] EDIT finder2options/models/menu.py: 0
[2015-09-08 09:14:54] EDIT finder2options/models/dynamicsearch.py: 104
[2015-09-08 09:15:30] EDIT finder2options/controllers/default.py: 0
[2015-09-08 09:18:04] EDIT finder2options/controllers/default.py: 0
[2015-09-08 09:18:22] EDIT finder2options/controllers/default.py: 0
[2015-09-08 09:18:59] EDIT finder2options/controllers/default.py: 1
[2015-09-08 09:19:53] EDIT finder2options/views/default/busquedadinamica.html: 1
[2015-09-08 09:20:26] EDIT finder2options/views/default/busquedadinamica.html: 1
[2015-09-08 09:21:49] EDIT finder2options/views/default/busquedadinamica.html: 3
[2015-09-08 09:22:27] EDIT finder2options/views/default/busquedadinamica.html: 0
[2015-09-08 09:23:59] EDIT finder2options/models/modelo.py: 0
